2018-03-16 04:29:14|ERROR|App.Advertising.getMyInfoList|exception 'PDOException' with message 'You have an error in your SQL syntax; check the manual that corresponds to your MySQL server version for the right syntax to use near '-15,15' at line 1' in /www/web/api_52tdw_com/public_html/vendor/phalapi/notorm/src/NotORM/Result.php:261
Stack trace:
#0 /www/web/api_52tdw_com/public_html/vendor/phalapi/notorm/src/NotORM/Result.php(810): NotORM_Result->query('SELECT * FROM p...', Array)
#1 /www/web/api_52tdw_com/public_html/vendor/phalapi/notorm/src/NotORM/Result.php(895): NotORM_Result->execute()
#2 /www/web/api_52tdw_com/public_html/src/app/Model/BaseModel.php(37): NotORM_Result->fetchAll()
#3 /www/web/api_52tdw_com/public_html/src/app/Model/BaseModel.php(66): App\Model\BaseModel->getListItems('*', Array, NULL, 15)
#4 /www/web/api_52tdw_com/public_html/src/app/Api/Advertising.php(45): App\Model\BaseModel->getListPage('*', Array, 1, NULL)
#5 [internal function]: App\Api\Advertising->getMyInfoList()
#6 /www/web/api_52tdw_com/public_html/vendor/phalapi/kernal/src/PhalApi.php(49): call_user_func(Array)
#7 /www/web/api_52tdw_com/public_html/public/index.php(36): PhalApi\PhalApi->response()
#8 {main}
2018-03-16 04:29:24|ERROR|App.Advertising.getMyInfoList|exception 'PDOException' with message 'You have an error in your SQL syntax; check the manual that corresponds to your MySQL server version for the right syntax to use near '-15,15' at line 1' in /www/web/api_52tdw_com/public_html/vendor/phalapi/notorm/src/NotORM/Result.php:261
Stack trace:
#0 /www/web/api_52tdw_com/public_html/vendor/phalapi/notorm/src/NotORM/Result.php(810): NotORM_Result->query('SELECT * FROM p...', Array)
#1 /www/web/api_52tdw_com/public_html/vendor/phalapi/notorm/src/NotORM/Result.php(895): NotORM_Result->execute()
#2 /www/web/api_52tdw_com/public_html/src/app/Model/BaseModel.php(37): NotORM_Result->fetchAll()
#3 /www/web/api_52tdw_com/public_html/src/app/Model/BaseModel.php(66): App\Model\BaseModel->getListItems('*', Array, NULL, 15)
#4 /www/web/api_52tdw_com/public_html/src/app/Api/Advertising.php(45): App\Model\BaseModel->getListPage('*', Array, 2, NULL)
#5 [internal function]: App\Api\Advertising->getMyInfoList()
#6 /www/web/api_52tdw_com/public_html/vendor/phalapi/kernal/src/PhalApi.php(49): call_user_func(Array)
#7 /www/web/api_52tdw_com/public_html/public/index.php(36): PhalApi\PhalApi->response()
#8 {main}
2018-03-16 04:29:30|ERROR|App.Advertising.getMyInfoList|exception 'PDOException' with message 'You have an error in your SQL syntax; check the manual that corresponds to your MySQL server version for the right syntax to use near '-15,15' at line 1' in /www/web/api_52tdw_com/public_html/vendor/phalapi/notorm/src/NotORM/Result.php:261
Stack trace:
#0 /www/web/api_52tdw_com/public_html/vendor/phalapi/notorm/src/NotORM/Result.php(810): NotORM_Result->query('SELECT * FROM p...', Array)
#1 /www/web/api_52tdw_com/public_html/vendor/phalapi/notorm/src/NotORM/Result.php(895): NotORM_Result->execute()
#2 /www/web/api_52tdw_com/public_html/src/app/Model/BaseModel.php(37): NotORM_Result->fetchAll()
#3 /www/web/api_52tdw_com/public_html/src/app/Model/BaseModel.php(66): App\Model\BaseModel->getListItems('*', Array, NULL, 15)
#4 /www/web/api_52tdw_com/public_html/src/app/Api/Advertising.php(45): App\Model\BaseModel->getListPage('*', Array, 1, NULL)
#5 [internal function]: App\Api\Advertising->getMyInfoList()
#6 /www/web/api_52tdw_com/public_html/vendor/phalapi/kernal/src/PhalApi.php(49): call_user_func(Array)
#7 /www/web/api_52tdw_com/public_html/public/index.php(36): PhalApi\PhalApi->response()
#8 {main}
2018-03-16 04:29:39|ERROR|App.Advertising.getMyInfoList|exception 'PDOException' with message 'You have an error in your SQL syntax; check the manual that corresponds to your MySQL server version for the right syntax to use near '-15,15' at line 1' in /www/web/api_52tdw_com/public_html/vendor/phalapi/notorm/src/NotORM/Result.php:261
Stack trace:
#0 /www/web/api_52tdw_com/public_html/vendor/phalapi/notorm/src/NotORM/Result.php(810): NotORM_Result->query('SELECT * FROM p...', Array)
#1 /www/web/api_52tdw_com/public_html/vendor/phalapi/notorm/src/NotORM/Result.php(895): NotORM_Result->execute()
#2 /www/web/api_52tdw_com/public_html/src/app/Model/BaseModel.php(37): NotORM_Result->fetchAll()
#3 /www/web/api_52tdw_com/public_html/src/app/Model/BaseModel.php(66): App\Model\BaseModel->getListItems('*', Array, NULL, 15)
#4 /www/web/api_52tdw_com/public_html/src/app/Api/Advertising.php(45): App\Model\BaseModel->getListPage('*', Array, 1, NULL)
#5 [internal function]: App\Api\Advertising->getMyInfoList()
#6 /www/web/api_52tdw_com/public_html/vendor/phalapi/kernal/src/PhalApi.php(49): call_user_func(Array)
#7 /www/web/api_52tdw_com/public_html/public/index.php(36): PhalApi\PhalApi->response()
#8 {main}
2018-03-16 04:29:47|ERROR|App.Advertising.getMyInfoList|exception 'PDOException' with message 'You have an error in your SQL syntax; check the manual that corresponds to your MySQL server version for the right syntax to use near '-15,15' at line 1' in /www/web/api_52tdw_com/public_html/vendor/phalapi/notorm/src/NotORM/Result.php:261
Stack trace:
#0 /www/web/api_52tdw_com/public_html/vendor/phalapi/notorm/src/NotORM/Result.php(810): NotORM_Result->query('SELECT * FROM p...', Array)
#1 /www/web/api_52tdw_com/public_html/vendor/phalapi/notorm/src/NotORM/Result.php(895): NotORM_Result->execute()
#2 /www/web/api_52tdw_com/public_html/src/app/Model/BaseModel.php(37): NotORM_Result->fetchAll()
#3 /www/web/api_52tdw_com/public_html/src/app/Model/BaseModel.php(66): App\Model\BaseModel->getListItems('*', Array, NULL, 15)
#4 /www/web/api_52tdw_com/public_html/src/app/Api/Advertising.php(45): App\Model\BaseModel->getListPage('*', Array, 1, NULL)
#5 [internal function]: App\Api\Advertising->getMyInfoList()
#6 /www/web/api_52tdw_com/public_html/vendor/phalapi/kernal/src/PhalApi.php(49): call_user_func(Array)
#7 /www/web/api_52tdw_com/public_html/public/index.php(36): PhalApi\PhalApi->response()
#8 {main}
2018-03-16 06:38:26|ERROR|App.EduVideo.getList|exception 'PDOException' with message 'Unknown column 'Array' in 'field list'' in /www/web/api_52tdw_com/public_html/vendor/phalapi/notorm/src/NotORM/Result.php:261
Stack trace:
#0 /www/web/api_52tdw_com/public_html/vendor/phalapi/notorm/src/NotORM/Result.php(810): NotORM_Result->query('SELECT Array FR...', Array)
#1 /www/web/api_52tdw_com/public_html/vendor/phalapi/notorm/src/NotORM/Result.php(895): NotORM_Result->execute()
#2 /www/web/api_52tdw_com/public_html/src/app/Model/BaseModel.php(37): NotORM_Result->fetchAll()
#3 /www/web/api_52tdw_com/public_html/src/app/Domain/EduVideo.php(20): App\Model\BaseModel->getListItems(Array, '2', 15)
#4 /www/web/api_52tdw_com/public_html/src/app/Api/EduVideo.php(18): App\Domain\EduVideo->getListPage()
#5 [internal function]: App\Api\EduVideo->getList()
#6 /www/web/api_52tdw_com/public_html/vendor/phalapi/kernal/src/PhalApi.php(49): call_user_func(Array)
#7 /www/web/api_52tdw_com/public_html/public/index.php(36): PhalApi\PhalApi->response()
#8 {main}
2018-03-16 06:38:26|ERROR|App.EduVideo.getList|exception 'PDOException' with message 'Unknown column 'Array' in 'field list'' in /www/web/api_52tdw_com/public_html/vendor/phalapi/notorm/src/NotORM/Result.php:261
Stack trace:
#0 /www/web/api_52tdw_com/public_html/vendor/phalapi/notorm/src/NotORM/Result.php(810): NotORM_Result->query('SELECT Array FR...', Array)
#1 /www/web/api_52tdw_com/public_html/vendor/phalapi/notorm/src/NotORM/Result.php(895): NotORM_Result->execute()
#2 /www/web/api_52tdw_com/public_html/src/app/Model/BaseModel.php(37): NotORM_Result->fetchAll()
#3 /www/web/api_52tdw_com/public_html/src/app/Domain/EduVideo.php(20): App\Model\BaseModel->getListItems(Array, '2', 15)
#4 /www/web/api_52tdw_com/public_html/src/app/Api/EduVideo.php(18): App\Domain\EduVideo->getListPage()
#5 [internal function]: App\Api\EduVideo->getList()
#6 /www/web/api_52tdw_com/public_html/vendor/phalapi/kernal/src/PhalApi.php(49): call_user_func(Array)
#7 /www/web/api_52tdw_com/public_html/public/index.php(36): PhalApi\PhalApi->response()
#8 {main}
2018-03-16 12:33:21|ERROR|App.EduVideo.getList|exception 'PDOException' with message 'Unknown column 'Array' in 'field list'' in /www/web/api_52tdw_com/public_html/vendor/phalapi/notorm/src/NotORM/Result.php:261
Stack trace:
#0 /www/web/api_52tdw_com/public_html/vendor/phalapi/notorm/src/NotORM/Result.php(810): NotORM_Result->query('SELECT Array FR...', Array)
#1 /www/web/api_52tdw_com/public_html/vendor/phalapi/notorm/src/NotORM/Result.php(895): NotORM_Result->execute()
#2 /www/web/api_52tdw_com/public_html/src/app/Model/BaseModel.php(37): NotORM_Result->fetchAll()
#3 /www/web/api_52tdw_com/public_html/src/app/Domain/EduVideo.php(20): App\Model\BaseModel->getListItems(Array, '2', 15)
#4 /www/web/api_52tdw_com/public_html/src/app/Api/EduVideo.php(18): App\Domain\EduVideo->getListPage()
#5 [internal function]: App\Api\EduVideo->getList()
#6 /www/web/api_52tdw_com/public_html/vendor/phalapi/kernal/src/PhalApi.php(49): call_user_func(Array)
#7 /www/web/api_52tdw_com/public_html/public/index.php(36): PhalApi\PhalApi->response()
#8 {main}
